[debug] [2023-05-17T00:47:21.852Z] ----------------------------------------------------------------------
[debug] [2023-05-17T00:47:21.854Z] Command:       C:\Program Files\nodejs\node.exe C:\Users\Lucas\AppData\Roaming\npm\node_modules\firebase-tools\lib\bin\firebase.js init hosting:github
[debug] [2023-05-17T00:47:21.854Z] CLI Version:   12.0.1
[debug] [2023-05-17T00:47:21.855Z] Platform:      win32
[debug] [2023-05-17T00:47:21.855Z] Node Version:  v18.16.0
[debug] [2023-05-17T00:47:21.856Z] Time:          Tue May 16 2023 21:47:21 GMT-0300 (Horário Padrão de Brasília)
[debug] [2023-05-17T00:47:21.856Z] ----------------------------------------------------------------------
[debug] 
[debug] [2023-05-17T00:47:21.919Z] > command requires scopes: ["email","openid","https://www.googleapis.com/auth/cloudplatformprojects.readonly","https://www.googleapis.com/auth/firebase","https://www.googleapis.com/auth/cloud-platform"]
[debug] [2023-05-17T00:47:21.920Z] > authorizing via signed-in user (lucas.monari.lm@gmail.com)
[info] 
     ######## #### ########  ######## ########     ###     ######  ########
     ##        ##  ##     ## ##       ##     ##  ##   ##  ##       ##
     ######    ##  ########  ######   ########  #########  ######  ######
     ##        ##  ##    ##  ##       ##     ## ##     ##       ## ##
     ##       #### ##     ## ######## ########  ##     ##  ######  ########

You're about to initialize a Firebase project in this directory:

  C:\Users\Lucas\WebstormProjects\projeto-inter-DevBank\projeto-inter

Before we get started, keep in mind:

  * You are initializing within an existing Firebase project directory

[info] 
=== Project Setup
[info] 
[info] First, let's associate this project directory with a Firebase project.
[info] You can create multiple project aliases by running firebase use --add, 
[info] but for now we'll just set up a default project.
[info] 
[debug] [2023-05-17T00:47:25.741Z] Using project from CLI flag: inter-devbank
[debug] [2023-05-17T00:47:25.743Z] >>> [apiv2][query] GET https://firebase.googleapis.com/v1beta1/projects/inter-devbank [none]
[debug] [2023-05-17T00:47:26.158Z] <<< [apiv2][status] GET https://firebase.googleapis.com/v1beta1/projects/inter-devbank 200
[debug] [2023-05-17T00:47:26.158Z] <<< [apiv2][body] GET https://firebase.googleapis.com/v1beta1/projects/inter-devbank {"projectId":"inter-devbank","projectNumber":"270966646252","displayName":"inter-DevBank","name":"projects/inter-devbank","resources":{"hostingSite":"inter-devbank","realtimeDatabaseInstance":"inter-devbank-default-rtdb"},"state":"ACTIVE","etag":"1_52f23d20-c809-4f3a-b5b2-f05d1d5485c2"}
[info] i  Using project inter-devbank (inter-DevBank) 
[info] 
=== Hosting:github Setup
[info] 
[info] i  Detected a .git folder at C:\Users\Lucas\WebstormProjects\projeto-inter-DevBank 
[info] i  Authorizing with GitHub to upload your service account to a GitHub repository's secrets store. 
[info] 
[info] Visit this URL on this device to log in:
[info] https://github.com/login/oauth/authorize?client_id=89cf50f02ac6aaed3484&state=462159721&redirect_uri=http%3A%2F%2Flocalhost%3A9005&scope=read%3Auser%20repo%20public_repo
[info] 
[info] Waiting for authentication...
[debug] [2023-05-17T00:47:26.581Z] >>> [apiv2][query] POST https://github.com/login/oauth/access_token [none]
[debug] [2023-05-17T00:47:26.581Z] >>> [apiv2][body] POST https://github.com/login/oauth/access_token [stream]
[debug] [2023-05-17T00:47:26.850Z] <<< [apiv2][status] POST https://github.com/login/oauth/access_token 200
[debug] [2023-05-17T00:47:26.851Z] <<< [apiv2][body] POST https://github.com/login/oauth/access_token {"access_token":"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","token_type":"bearer","scope":"read:user,repo"}
[debug] [2023-05-17T00:47:26.855Z] >>> [apiv2][query] GET https://api.github.com/user [none]
[debug] [2023-05-17T00:47:27.149Z] <<< [apiv2][status] GET https://api.github.com/user 200
[debug] [2023-05-17T00:47:27.149Z] <<< [apiv2][body] GET https://api.github.com/user {"login":"Monariih","id":102758346,"node_id":"U_kgDOBh_3yg","avatar_url":"https://avatars.githubusercontent.com/u/102758346?v=4","gravatar_id":"","url":"https://api.github.com/users/Monariih","html_url":"https://github.com/Monariih","followers_url":"https://api.github.com/users/Monariih/followers","following_url":"https://api.github.com/users/Monariih/following{/other_user}","gists_url":"https://api.github.com/users/Monariih/gists{/gist_id}","starred_url":"https://api.github.com/users/Monariih/starred{/owner}{/repo}","subscriptions_url":"https://api.github.com/users/Monariih/subscriptions","organizations_url":"https://api.github.com/users/Monariih/orgs","repos_url":"https://api.github.com/users/Monariih/repos","events_url":"https://api.github.com/users/Monariih/events{/privacy}","received_events_url":"https://api.github.com/users/Monariih/received_events","type":"User","site_admin":false,"name":"Lucas Monari","company":null,"blog":"","location":null,"email":"lucas.monari.lm@outlook.com","hireable":null,"bio":null,"twitter_username":null,"public_repos":13,"public_gists":0,"followers":0,"following":1,"created_at":"2022-03-31T17:57:31Z","updated_at":"2023-05-12T16:56:27Z","private_gists":0,"total_private_repos":1,"owned_private_repos":1,"disk_usage":38060,"collaborators":0,"two_factor_authentication":false,"plan":{"name":"free","space":976562499,"collaborators":0,"private_repos":10000}}
[info] 
[info] +  Success! Logged into GitHub as Monariih 
[info] 
